<?xml version="1.0" encoding="UTF-8"?>
<!-- Generated by org.testng.reporters.JUnitReportReporter -->
<testsuite skipped="0" hostname="mukta" name="selenium.dropdowns.StaticDropdown" tests="1" failures="0" timestamp="2021-02-02T09:33:21 IST" time="0.027" errors="0">
  <testcase name="test" time="0.027" classname="selenium.dropdowns.StaticDropdown"/>
  <system-out/>
</testsuite> <!-- selenium.dropdowns.StaticDropdown -->
