<?xml version="1.0" encoding="UTF-8"?>
<!-- Generated by org.testng.reporters.JUnitReportReporter -->
<testsuite skipped="0" hostname="mukta" name="selenium.dropdowns.StaticDropdown" tests="1" failures="0" timestamp="2021-02-02T10:12:29 IST" time="3.300" errors="0">
  <testcase name="test" time="3.300" classname="selenium.dropdowns.StaticDropdown"/>
  <system-out/>
</testsuite> <!-- selenium.dropdowns.StaticDropdown -->
