<?xml version="1.0" encoding="UTF-8"?>
<!-- Generated by org.testng.reporters.JUnitReportReporter -->
<testsuite skipped="0" hostname="mukta" name="selenium.dropdowns.AutosuggestiveDropdown" tests="1" failures="0" timestamp="2021-02-02T14:55:11 IST" time="2.137" errors="0">
  <testcase name="test" time="2.137" classname="selenium.dropdowns.AutosuggestiveDropdown"/>
  <system-out/>
</testsuite> <!-- selenium.dropdowns.AutosuggestiveDropdown -->
