<?xml version="1.0" encoding="UTF-8"?>
<!-- Generated by org.testng.reporters.JUnitReportReporter -->
<testsuite skipped="0" hostname="mukta" name="selenium.dropdowns.DynamicDropdown" tests="1" failures="0" timestamp="2021-02-02T14:55:11 IST" time="3.999" errors="0">
  <testcase name="test" time="3.999" classname="selenium.dropdowns.DynamicDropdown"/>
  <system-out/>
</testsuite> <!-- selenium.dropdowns.DynamicDropdown -->
