<?xml version="1.0" encoding="UTF-8"?>
<!-- Generated by org.testng.reporters.JUnitReportReporter -->
<testsuite skipped="0" hostname="mukta" name="selenium.TestOne" tests="1" failures="0" timestamp="2021-02-02T08:48:32 IST" time="0.020" errors="0">
  <testcase name="test1" time="0.020" classname="selenium.TestOne"/>
  <system-out/>
</testsuite> <!-- selenium.TestOne -->
