<?xml version="1.0" encoding="UTF-8"?>
<!-- Generated by org.testng.reporters.JUnitReportReporter -->
<testsuite skipped="0" hostname="mukta" name="selenium.dropdowns.DynamicDropdown" tests="1" failures="0" timestamp="2021-02-02T20:54:18 IST" time="1.685" errors="0">
  <testcase name="test" time="1.685" classname="selenium.dropdowns.DynamicDropdown"/>
  <system-out/>
</testsuite> <!-- selenium.dropdowns.DynamicDropdown -->
